This is pdfTeX, Version 3.1415926-2.5-1.40.14 (TeX Live 2013/Debian) (format=pdflatex 2014.10.2)  7 DEC 2014 22:34
entering extended mode
 restricted \write18 enabled.
 %&-line parsing enabled.
**VLSI_paper.tex
(./VLSI_paper.tex
LaTeX2e <2011/06/27>
Babel <3.9h> and hyphenation patterns for 2 languages loaded.
(/usr/share/texlive/texmf-dist/tex/latex/base/article.cls
Document Class: article 2007/10/19 v1.4h Standard LaTeX document class
(/usr/share/texlive/texmf-dist/tex/latex/base/size10.clo
File: size10.clo 2007/10/19 v1.4h Standard LaTeX file (size option)
)
\c@part=\count79
\c@section=\count80
\c@subsection=\count81
\c@subsubsection=\count82
\c@paragraph=\count83
\c@subparagraph=\count84
\c@figure=\count85
\c@table=\count86
\abovecaptionskip=\skip41
\belowcaptionskip=\skip42
\bibindent=\dimen102
)
(/usr/share/texlive/texmf-dist/tex/latex/base/inputenc.sty
Package: inputenc 2008/03/30 v1.1d Input encoding file
\inpenc@prehook=\toks14
\inpenc@posthook=\toks15

(/usr/share/texlive/texmf-dist/tex/latex/base/utf8.def
File: utf8.def 2008/04/05 v1.1m UTF-8 support for inputenc
Now handling font encoding OML ...
... no UTF-8 mapping file for font encoding OML
Now handling font encoding T1 ...
... processing UTF-8 mapping file for font encoding T1

(/usr/share/texlive/texmf-dist/tex/latex/base/t1enc.dfu
File: t1enc.dfu 2008/04/05 v1.1m UTF-8 support for inputenc
   defining Unicode char U+00A1 (decimal 161)
   defining Unicode char U+00A3 (decimal 163)
   defining Unicode char U+00AB (decimal 171)
   defining Unicode char U+00BB (decimal 187)
   defining Unicode char U+00BF (decimal 191)
   defining Unicode char U+00C0 (decimal 192)
   defining Unicode char U+00C1 (decimal 193)
   defining Unicode char U+00C2 (decimal 194)
   defining Unicode char U+00C3 (decimal 195)
   defining Unicode char U+00C4 (decimal 196)
   defining Unicode char U+00C5 (decimal 197)
   defining Unicode char U+00C6 (decimal 198)
   defining Unicode char U+00C7 (decimal 199)
   defining Unicode char U+00C8 (decimal 200)
   defining Unicode char U+00C9 (decimal 201)
   defining Unicode char U+00CA (decimal 202)
   defining Unicode char U+00CB (decimal 203)
   defining Unicode char U+00CC (decimal 204)
   defining Unicode char U+00CD (decimal 205)
   defining Unicode char U+00CE (decimal 206)
   defining Unicode char U+00CF (decimal 207)
   defining Unicode char U+00D0 (decimal 208)
   defining Unicode char U+00D1 (decimal 209)
   defining Unicode char U+00D2 (decimal 210)
   defining Unicode char U+00D3 (decimal 211)
   defining Unicode char U+00D4 (decimal 212)
   defining Unicode char U+00D5 (decimal 213)
   defining Unicode char U+00D6 (decimal 214)
   defining Unicode char U+00D8 (decimal 216)
   defining Unicode char U+00D9 (decimal 217)
   defining Unicode char U+00DA (decimal 218)
   defining Unicode char U+00DB (decimal 219)
   defining Unicode char U+00DC (decimal 220)
   defining Unicode char U+00DD (decimal 221)
   defining Unicode char U+00DE (decimal 222)
   defining Unicode char U+00DF (decimal 223)
   defining Unicode char U+00E0 (decimal 224)
   defining Unicode char U+00E1 (decimal 225)
   defining Unicode char U+00E2 (decimal 226)
   defining Unicode char U+00E3 (decimal 227)
   defining Unicode char U+00E4 (decimal 228)
   defining Unicode char U+00E5 (decimal 229)
   defining Unicode char U+00E6 (decimal 230)
   defining Unicode char U+00E7 (decimal 231)
   defining Unicode char U+00E8 (decimal 232)
   defining Unicode char U+00E9 (decimal 233)
   defining Unicode char U+00EA (decimal 234)
   defining Unicode char U+00EB (decimal 235)
   defining Unicode char U+00EC (decimal 236)
   defining Unicode char U+00ED (decimal 237)
   defining Unicode char U+00EE (decimal 238)
   defining Unicode char U+00EF (decimal 239)
   defining Unicode char U+00F0 (decimal 240)
   defining Unicode char U+00F1 (decimal 241)
   defining Unicode char U+00F2 (decimal 242)
   defining Unicode char U+00F3 (decimal 243)
   defining Unicode char U+00F4 (decimal 244)
   defining Unicode char U+00F5 (decimal 245)
   defining Unicode char U+00F6 (decimal 246)
   defining Unicode char U+00F8 (decimal 248)
   defining Unicode char U+00F9 (decimal 249)
   defining Unicode char U+00FA (decimal 250)
   defining Unicode char U+00FB (decimal 251)
   defining Unicode char U+00FC (decimal 252)
   defining Unicode char U+00FD (decimal 253)
   defining Unicode char U+00FE (decimal 254)
   defining Unicode char U+00FF (decimal 255)
   defining Unicode char U+0102 (decimal 258)
   defining Unicode char U+0103 (decimal 259)
   defining Unicode char U+0104 (decimal 260)
   defining Unicode char U+0105 (decimal 261)
   defining Unicode char U+0106 (decimal 262)
   defining Unicode char U+0107 (decimal 263)
   defining Unicode char U+010C (decimal 268)
   defining Unicode char U+010D (decimal 269)
   defining Unicode char U+010E (decimal 270)
   defining Unicode char U+010F (decimal 271)
   defining Unicode char U+0110 (decimal 272)
   defining Unicode char U+0111 (decimal 273)
   defining Unicode char U+0118 (decimal 280)
   defining Unicode char U+0119 (decimal 281)
   defining Unicode char U+011A (decimal 282)
   defining Unicode char U+011B (decimal 283)
   defining Unicode char U+011E (decimal 286)
   defining Unicode char U+011F (decimal 287)
   defining Unicode char U+0130 (decimal 304)
   defining Unicode char U+0131 (decimal 305)
   defining Unicode char U+0132 (decimal 306)
   defining Unicode char U+0133 (decimal 307)
   defining Unicode char U+0139 (decimal 313)
   defining Unicode char U+013A (decimal 314)
   defining Unicode char U+013D (decimal 317)
   defining Unicode char U+013E (decimal 318)
   defining Unicode char U+0141 (decimal 321)
   defining Unicode char U+0142 (decimal 322)
   defining Unicode char U+0143 (decimal 323)
   defining Unicode char U+0144 (decimal 324)
   defining Unicode char U+0147 (decimal 327)
   defining Unicode char U+0148 (decimal 328)
   defining Unicode char U+014A (decimal 330)
   defining Unicode char U+014B (decimal 331)
   defining Unicode char U+0150 (decimal 336)
   defining Unicode char U+0151 (decimal 337)
   defining Unicode char U+0152 (decimal 338)
   defining Unicode char U+0153 (decimal 339)
   defining Unicode char U+0154 (decimal 340)
   defining Unicode char U+0155 (decimal 341)
   defining Unicode char U+0158 (decimal 344)
   defining Unicode char U+0159 (decimal 345)
   defining Unicode char U+015A (decimal 346)
   defining Unicode char U+015B (decimal 347)
   defining Unicode char U+015E (decimal 350)
   defining Unicode char U+015F (decimal 351)
   defining Unicode char U+0160 (decimal 352)
   defining Unicode char U+0161 (decimal 353)
   defining Unicode char U+0162 (decimal 354)
   defining Unicode char U+0163 (decimal 355)
   defining Unicode char U+0164 (decimal 356)
   defining Unicode char U+0165 (decimal 357)
   defining Unicode char U+016E (decimal 366)
   defining Unicode char U+016F (decimal 367)
   defining Unicode char U+0170 (decimal 368)
   defining Unicode char U+0171 (decimal 369)
   defining Unicode char U+0178 (decimal 376)
   defining Unicode char U+0179 (decimal 377)
   defining Unicode char U+017A (decimal 378)
   defining Unicode char U+017B (decimal 379)
   defining Unicode char U+017C (decimal 380)
   defining Unicode char U+017D (decimal 381)
   defining Unicode char U+017E (decimal 382)
   defining Unicode char U+200C (decimal 8204)
   defining Unicode char U+2013 (decimal 8211)
   defining Unicode char U+2014 (decimal 8212)
   defining Unicode char U+2018 (decimal 8216)
   defining Unicode char U+2019 (decimal 8217)
   defining Unicode char U+201A (decimal 8218)
   defining Unicode char U+201C (decimal 8220)
   defining Unicode char U+201D (decimal 8221)
   defining Unicode char U+201E (decimal 8222)
   defining Unicode char U+2030 (decimal 8240)
   defining Unicode char U+2031 (decimal 8241)
   defining Unicode char U+2039 (decimal 8249)
   defining Unicode char U+203A (decimal 8250)
   defining Unicode char U+2423 (decimal 9251)
)
Now handling font encoding OT1 ...
... processing UTF-8 mapping file for font encoding OT1

(/usr/share/texlive/texmf-dist/tex/latex/base/ot1enc.dfu
File: ot1enc.dfu 2008/04/05 v1.1m UTF-8 support for inputenc
   defining Unicode char U+00A1 (decimal 161)
   defining Unicode char U+00A3 (decimal 163)
   defining Unicode char U+00B8 (decimal 184)
   defining Unicode char U+00BF (decimal 191)
   defining Unicode char U+00C5 (decimal 197)
   defining Unicode char U+00C6 (decimal 198)
   defining Unicode char U+00D8 (decimal 216)
   defining Unicode char U+00DF (decimal 223)
   defining Unicode char U+00E6 (decimal 230)
   defining Unicode char U+00EC (decimal 236)
   defining Unicode char U+00ED (decimal 237)
   defining Unicode char U+00EE (decimal 238)
   defining Unicode char U+00EF (decimal 239)
   defining Unicode char U+00F8 (decimal 248)
   defining Unicode char U+0131 (decimal 305)
   defining Unicode char U+0141 (decimal 321)
   defining Unicode char U+0142 (decimal 322)
   defining Unicode char U+0152 (decimal 338)
   defining Unicode char U+0153 (decimal 339)
   defining Unicode char U+2013 (decimal 8211)
   defining Unicode char U+2014 (decimal 8212)
   defining Unicode char U+2018 (decimal 8216)
   defining Unicode char U+2019 (decimal 8217)
   defining Unicode char U+201C (decimal 8220)
   defining Unicode char U+201D (decimal 8221)
)
Now handling font encoding OMS ...
... processing UTF-8 mapping file for font encoding OMS

(/usr/share/texlive/texmf-dist/tex/latex/base/omsenc.dfu
File: omsenc.dfu 2008/04/05 v1.1m UTF-8 support for inputenc
   defining Unicode char U+00A7 (decimal 167)
   defining Unicode char U+00B6 (decimal 182)
   defining Unicode char U+00B7 (decimal 183)
   defining Unicode char U+2020 (decimal 8224)
   defining Unicode char U+2021 (decimal 8225)
   defining Unicode char U+2022 (decimal 8226)
)
Now handling font encoding OMX ...
... no UTF-8 mapping file for font encoding OMX
Now handling font encoding U ...
... no UTF-8 mapping file for font encoding U
   defining Unicode char U+00A9 (decimal 169)
   defining Unicode char U+00AA (decimal 170)
   defining Unicode char U+00AE (decimal 174)
   defining Unicode char U+00BA (decimal 186)
   defining Unicode char U+02C6 (decimal 710)
   defining Unicode char U+02DC (decimal 732)
   defining Unicode char U+200C (decimal 8204)
   defining Unicode char U+2026 (decimal 8230)
   defining Unicode char U+2122 (decimal 8482)
   defining Unicode char U+2423 (decimal 9251)
))
(/usr/share/texlive/texmf-dist/tex/latex/graphics/graphicx.sty
Package: graphicx 1999/02/16 v1.0f Enhanced LaTeX Graphics (DPC,SPQR)

(/usr/share/texlive/texmf-dist/tex/latex/graphics/keyval.sty
Package: keyval 1999/03/16 v1.13 key=value parser (DPC)
\KV@toks@=\toks16
)
(/usr/share/texlive/texmf-dist/tex/latex/graphics/graphics.sty
Package: graphics 2009/02/05 v1.0o Standard LaTeX Graphics (DPC,SPQR)

(/usr/share/texlive/texmf-dist/tex/latex/graphics/trig.sty
Package: trig 1999/03/16 v1.09 sin cos tan (DPC)
)
(/usr/share/texlive/texmf-dist/tex/latex/latexconfig/graphics.cfg
File: graphics.cfg 2010/04/23 v1.9 graphics configuration of TeX Live
)
Package graphics Info: Driver file: pdftex.def on input line 91.

(/usr/share/texlive/texmf-dist/tex/latex/pdftex-def/pdftex.def
File: pdftex.def 2011/05/27 v0.06d Graphics/color for pdfTeX

(/usr/share/texlive/texmf-dist/tex/generic/oberdiek/infwarerr.sty
Package: infwarerr 2010/04/08 v1.3 Providing info/warning/error messages (HO)
)
(/usr/share/texlive/texmf-dist/tex/generic/oberdiek/ltxcmds.sty
Package: ltxcmds 2011/11/09 v1.22 LaTeX kernel commands for general use (HO)
)
\Gread@gobject=\count87
))
\Gin@req@height=\dimen103
\Gin@req@width=\dimen104
)
(/usr/share/texlive/texmf-dist/tex/latex/geometry/geometry.sty
Package: geometry 2010/09/12 v5.6 Page Geometry

(/usr/share/texlive/texmf-dist/tex/generic/oberdiek/ifpdf.sty
Package: ifpdf 2011/01/30 v2.3 Provides the ifpdf switch (HO)
Package ifpdf Info: pdfTeX in PDF mode is detected.
)
(/usr/share/texlive/texmf-dist/tex/generic/oberdiek/ifvtex.sty
Package: ifvtex 2010/03/01 v1.5 Detect VTeX and its facilities (HO)
Package ifvtex Info: VTeX not detected.
)
(/usr/share/texlive/texmf-dist/tex/generic/ifxetex/ifxetex.sty
Package: ifxetex 2010/09/12 v0.6 Provides ifxetex conditional
)
\Gm@cnth=\count88
\Gm@cntv=\count89
\c@Gm@tempcnt=\count90
\Gm@bindingoffset=\dimen105
\Gm@wd@mp=\dimen106
\Gm@odd@mp=\dimen107
\Gm@even@mp=\dimen108
\Gm@layoutwidth=\dimen109
\Gm@layoutheight=\dimen110
\Gm@layouthoffset=\dimen111
\Gm@layoutvoffset=\dimen112
\Gm@dimlist=\toks17
)
(/usr/share/texlive/texmf-dist/tex/latex/caption/subcaption.sty
Package: subcaption 2013/02/03 v1.1-62 Sub-captions (AR)

(/usr/share/texlive/texmf-dist/tex/latex/caption/caption.sty
Package: caption 2013/05/02 v3.3-89 Customizing captions (AR)

(/usr/share/texlive/texmf-dist/tex/latex/caption/caption3.sty
Package: caption3 2013/05/02 v1.6-88 caption3 kernel (AR)
Package caption3 Info: TeX engine: e-TeX on input line 57.
\captionmargin=\dimen113
\captionmargin@=\dimen114
\captionwidth=\dimen115
\caption@tempdima=\dimen116
\caption@indent=\dimen117
\caption@parindent=\dimen118
\caption@hangindent=\dimen119
)
\c@ContinuedFloat=\count91
)
\c@subfigure=\count92
\c@subtable=\count93
)
(./VLSI_paper.aux)
\openout1 = `VLSI_paper.aux'.

LaTeX Font Info:    Checking defaults for OML/cmm/m/it on input line 17.
LaTeX Font Info:    ... okay on input line 17.
LaTeX Font Info:    Checking defaults for T1/cmr/m/n on input line 17.
LaTeX Font Info:    ... okay on input line 17.
LaTeX Font Info:    Checking defaults for OT1/cmr/m/n on input line 17.
LaTeX Font Info:    ... okay on input line 17.
LaTeX Font Info:    Checking defaults for OMS/cmsy/m/n on input line 17.
LaTeX Font Info:    ... okay on input line 17.
LaTeX Font Info:    Checking defaults for OMX/cmex/m/n on input line 17.
LaTeX Font Info:    ... okay on input line 17.
LaTeX Font Info:    Checking defaults for U/cmr/m/n on input line 17.
LaTeX Font Info:    ... okay on input line 17.

(/usr/share/texlive/texmf-dist/tex/context/base/supp-pdf.mkii
[Loading MPS to PDF converter (version 2006.09.02).]
\scratchcounter=\count94
\scratchdimen=\dimen120
\scratchbox=\box26
\nofMPsegments=\count95
\nofMParguments=\count96
\everyMPshowfont=\toks18
\MPscratchCnt=\count97
\MPscratchDim=\dimen121
\MPnumerator=\count98
\makeMPintoPDFobject=\count99
\everyMPtoPDFconversion=\toks19
) (/usr/share/texlive/texmf-dist/tex/generic/oberdiek/pdftexcmds.sty
Package: pdftexcmds 2011/11/29 v0.20 Utility functions of pdfTeX for LuaTeX (HO
)

(/usr/share/texlive/texmf-dist/tex/generic/oberdiek/ifluatex.sty
Package: ifluatex 2010/03/01 v1.3 Provides the ifluatex switch (HO)
Package ifluatex Info: LuaTeX not detected.
)
Package pdftexcmds Info: LuaTeX not detected.
Package pdftexcmds Info: \pdf@primitive is available.
Package pdftexcmds Info: \pdf@ifprimitive is available.
Package pdftexcmds Info: \pdfdraftmode found.
)
(/usr/share/texlive/texmf-dist/tex/latex/oberdiek/epstopdf-base.sty
Package: epstopdf-base 2010/02/09 v2.5 Base part for package epstopdf

(/usr/share/texlive/texmf-dist/tex/latex/oberdiek/grfext.sty
Package: grfext 2010/08/19 v1.1 Manage graphics extensions (HO)

(/usr/share/texlive/texmf-dist/tex/generic/oberdiek/kvdefinekeys.sty
Package: kvdefinekeys 2011/04/07 v1.3 Define keys (HO)
))
(/usr/share/texlive/texmf-dist/tex/latex/oberdiek/kvoptions.sty
Package: kvoptions 2011/06/30 v3.11 Key value format for package options (HO)

(/usr/share/texlive/texmf-dist/tex/generic/oberdiek/kvsetkeys.sty
Package: kvsetkeys 2012/04/25 v1.16 Key value parser (HO)

(/usr/share/texlive/texmf-dist/tex/generic/oberdiek/etexcmds.sty
Package: etexcmds 2011/02/16 v1.5 Avoid name clashes with e-TeX commands (HO)
Package etexcmds Info: Could not find \expanded.
(etexcmds)             That can mean that you are not using pdfTeX 1.50 or
(etexcmds)             that some package has redefined \expanded.
(etexcmds)             In the latter case, load this package earlier.
)))
Package grfext Info: Graphics extension search list:
(grfext)             [.png,.pdf,.jpg,.mps,.jpeg,.jbig2,.jb2,.PNG,.PDF,.JPG,.JPE
G,.JBIG2,.JB2,.eps]
(grfext)             \AppendGraphicsExtensions on input line 452.

(/usr/share/texlive/texmf-dist/tex/latex/latexconfig/epstopdf-sys.cfg
File: epstopdf-sys.cfg 2010/07/13 v1.3 Configuration of (r)epstopdf for TeX Liv
e
))
*geometry* driver: auto-detecting
*geometry* detected driver: pdftex
*geometry* verbose mode - [ preamble ] result:
* driver: pdftex
* paper: <default>
* layout: <same size as paper>
* layoutoffset:(h,v)=(0.0pt,0.0pt)
* modes: 
* h-part:(L,W,R)=(72.26999pt, 469.75502pt, 72.26999pt)
* v-part:(T,H,B)=(72.26999pt, 650.43001pt, 72.26999pt)
* \paperwidth=614.295pt
* \paperheight=794.96999pt
* \textwidth=469.75502pt
* \textheight=650.43001pt
* \oddsidemargin=0.0pt
* \evensidemargin=0.0pt
* \topmargin=-37.0pt
* \headheight=12.0pt
* \headsep=25.0pt
* \topskip=10.0pt
* \footskip=30.0pt
* \marginparwidth=65.0pt
* \marginparsep=11.0pt
* \columnsep=10.0pt
* \skip\footins=9.0pt plus 4.0pt minus 2.0pt
* \hoffset=0.0pt
* \voffset=0.0pt
* \mag=1000
* \@twocolumnfalse
* \@twosidefalse
* \@mparswitchfalse
* \@reversemarginfalse
* (1in=72.27pt=25.4mm, 1cm=28.453pt)

Package caption Info: Begin \AtBeginDocument code.
Package caption Info: End \AtBeginDocument code.
LaTeX Font Info:    External font `cmex10' loaded for size
(Font)              <12> on input line 18.
LaTeX Font Info:    External font `cmex10' loaded for size
(Font)              <8> on input line 18.
LaTeX Font Info:    External font `cmex10' loaded for size
(Font)              <6> on input line 18.
[1

{/var/lib/texmf/fonts/map/pdftex/updmap/pdftex.map}]
LaTeX Font Info:    External font `cmex10' loaded for size
(Font)              <7> on input line 32.
LaTeX Font Info:    External font `cmex10' loaded for size
(Font)              <5> on input line 32.
 [2]
<step1.png, id=14, 476.78125pt x 505.89pt>
File: step1.png Graphic file (type png)
 <use step1.png>
Package pdftex.def Info: step1.png used on input line 58.
(pdftex.def)             Requested size: 199.16928pt x 211.3299pt.

<step3.png, id=16, 403.5075pt x 648.4225pt>
File: step3.png Graphic file (type png)
 <use step3.png>
Package pdftex.def Info: step3.png used on input line 67.
(pdftex.def)             Requested size: 113.81102pt x 182.89276pt.

<3d_layout.png, id=17, 306.14375pt x 577.15625pt>
File: 3d_layout.png Graphic file (type png)
 <use 3d_layout.png>
Package pdftex.def Info: 3d_layout.png used on input line 70.
(pdftex.def)             Requested size: 113.81102pt x 214.55724pt.


LaTeX Warning: `h' float specifier changed to `ht'.

[3] <rising.png, id=21, 606.265pt x 519.9425pt>
File: rising.png Graphic file (type png)
 <use rising.png>
Package pdftex.def Info: rising.png used on input line 91.
(pdftex.def)             Requested size: 199.16928pt x 170.81198pt.

<falling.png, id=22, 597.23125pt x 516.93124pt>
File: falling.png Graphic file (type png)
 <use falling.png>
Package pdftex.def Info: falling.png used on input line 94.
(pdftex.def)             Requested size: 199.16928pt x 172.38623pt.

<3d_rising.png, id=23, 887.315pt x 657.45625pt>
File: 3d_rising.png Graphic file (type png)
 <use 3d_rising.png>
Package pdftex.def Info: 3d_rising.png used on input line 105.
(pdftex.def)             Requested size: 199.16928pt x 147.57014pt.

<3d_falling.png, id=24, 883.3pt x 658.46pt>
File: 3d_falling.png Graphic file (type png)
 <use 3d_falling.png>
Package pdftex.def Info: 3d_falling.png used on input line 108.
(pdftex.def)             Requested size: 199.16928pt x 148.46861pt.

Underfull \hbox (badness 1466) in paragraph at lines 109--109
[]\OT1/cmr/m/n/10 Figure 7: |Worst-case NAND2[]3D Falling
 []

LaTeX Font Info:    Try loading font information for OML+cmr on input line 114.

(/usr/share/texlive/texmf-dist/tex/latex/base/omlcmr.fd
File: omlcmr.fd 1999/05/25 v2.5h Standard LaTeX font definitions
)
LaTeX Font Info:    Font shape `OML/cmr/m/n' in size <10> not available
(Font)              Font shape `OML/cmm/m/it' tried instead on input line 114.
 [4 <./step1.png>]
[5 <./step3.png> <./3d_layout.png> <./rising.png> <./falling.png>] [6 <./3d_ris
ing.png> <./3d_falling.png>] [7]
<final_cells/AND2_PMOS.png, id=47, 477.785pt x 436.63126pt>
File: final_cells/AND2_PMOS.png Graphic file (type png)

<use final_cells/AND2_PMOS.png>
Package pdftex.def Info: final_cells/AND2_PMOS.png used on input line 148.
(pdftex.def)             Requested size: 199.16928pt x 182.01141pt.

<final_cells/AND2_NMOS.png, id=48, 585.18625pt x 440.64626pt>
File: final_cells/AND2_NMOS.png Graphic file (type png)

<use final_cells/AND2_NMOS.png>
Package pdftex.def Info: final_cells/AND2_NMOS.png used on input line 151.
(pdftex.def)             Requested size: 199.16928pt x 149.97238pt.

<final_cells/AND3_PMOS.png, id=49, 694.595pt x 480.79625pt>
File: final_cells/AND3_PMOS.png Graphic file (type png)

<use final_cells/AND3_PMOS.png>
Package pdftex.def Info: final_cells/AND3_PMOS.png used on input line 162.
(pdftex.def)             Requested size: 199.16928pt x 137.86469pt.

<final_cells/AND3_NMOS.png, id=50, 685.56125pt x 504.88625pt>
File: final_cells/AND3_NMOS.png Graphic file (type png)

<use final_cells/AND3_NMOS.png>
Package pdftex.def Info: final_cells/AND3_NMOS.png used on input line 165.
(pdftex.def)             Requested size: 199.16928pt x 146.67519pt.

<final_cells/AND4_PMOS.png, id=51, 718.685pt x 474.77374pt>
File: final_cells/AND4_PMOS.png Graphic file (type png)

<use final_cells/AND4_PMOS.png>
Package pdftex.def Info: final_cells/AND4_PMOS.png used on input line 177.
(pdftex.def)             Requested size: 199.16928pt x 131.57378pt.

<final_cells/AND4_NMOS.png, id=52, 679.53876pt x 485.815pt>
File: final_cells/AND4_NMOS.png Graphic file (type png)

<use final_cells/AND4_NMOS.png>
Package pdftex.def Info: final_cells/AND4_NMOS.png used on input line 180.
(pdftex.def)             Requested size: 199.16928pt x 142.38756pt.

<final_cells/AOI21_PMOS.png, id=53, 660.4675pt x 689.57625pt>
File: final_cells/AOI21_PMOS.png Graphic file (type png)

<use final_cells/AOI21_PMOS.png>
Package pdftex.def Info: final_cells/AOI21_PMOS.png used on input line 191.
(pdftex.def)             Requested size: 199.16928pt x 207.94771pt.

<final_cells/AOI21_NMOS.png, id=54, 743.77875pt x 634.37pt>
File: final_cells/AOI21_NMOS.png Graphic file (type png)

<use final_cells/AOI21_NMOS.png>
Package pdftex.def Info: final_cells/AOI21_NMOS.png used on input line 194.
(pdftex.def)             Requested size: 199.16928pt x 169.86894pt.

<final_cells/AOI22_PMOS.png, id=55, 528.97626pt x 517.935pt>
File: final_cells/AOI22_PMOS.png Graphic file (type png)

<use final_cells/AOI22_PMOS.png>
Package pdftex.def Info: final_cells/AOI22_PMOS.png used on input line 205.
(pdftex.def)             Requested size: 199.16928pt x 195.00754pt.

<final_cells/AOI22_NMOS.png, id=56, 597.23125pt x 410.53375pt>
File: final_cells/AOI22_NMOS.png Graphic file (type png)

<use final_cells/AOI22_NMOS.png>
Package pdftex.def Info: final_cells/AOI22_NMOS.png used on input line 208.
(pdftex.def)             Requested size: 199.16928pt x 136.9048pt.

<final_cells/NAND2_PMOS.png, id=57, 436.63126pt x 483.8075pt>
File: final_cells/NAND2_PMOS.png Graphic file (type png)

<use final_cells/NAND2_PMOS.png>
Package pdftex.def Info: final_cells/NAND2_PMOS.png used on input line 219.
(pdftex.def)             Requested size: 199.16928pt x 220.68643pt.

<final_cells/NAND2_NMOS.png, id=58, 395.4775pt x 378.41376pt>
File: final_cells/NAND2_NMOS.png Graphic file (type png)

<use final_cells/NAND2_NMOS.png>
Package pdftex.def Info: final_cells/NAND2_NMOS.png used on input line 222.
(pdftex.def)             Requested size: 199.16928pt x 190.57487pt.

<final_cells/NAND3_PMOS.png, id=59, 512.91624pt x 463.7325pt>
File: final_cells/NAND3_PMOS.png Graphic file (type png)

<use final_cells/NAND3_PMOS.png>
Package pdftex.def Info: final_cells/NAND3_PMOS.png used on input line 233.
(pdftex.def)             Requested size: 199.16928pt x 180.0695pt.

<final_cells/NAND3_NMOS.png, id=60, 509.905pt x 418.56375pt>
File: final_cells/NAND3_NMOS.png Graphic file (type png)

<use final_cells/NAND3_NMOS.png>
Package pdftex.def Info: final_cells/NAND3_NMOS.png used on input line 236.
(pdftex.def)             Requested size: 199.16928pt x 163.49466pt.

<final_cells/NAND4_PMOS.png, id=61, 548.0475pt x 454.69875pt>
File: final_cells/NAND4_PMOS.png Graphic file (type png)

<use final_cells/NAND4_PMOS.png>
Package pdftex.def Info: final_cells/NAND4_PMOS.png used on input line 247.
(pdftex.def)             Requested size: 199.16928pt x 165.24556pt.

<final_cells/NAND4_NMOS.png, id=62, 536.0025pt x 481.8pt>
File: final_cells/NAND4_NMOS.png Graphic file (type png)

<use final_cells/NAND4_NMOS.png>
Package pdftex.def Info: final_cells/NAND4_NMOS.png used on input line 250.
(pdftex.def)             Requested size: 199.16928pt x 179.02777pt.

<final_cells/INV_PMOS.png, id=63, 464.73625pt x 704.6325pt>
File: final_cells/INV_PMOS.png Graphic file (type png)

<use final_cells/INV_PMOS.png>
Package pdftex.def Info: final_cells/INV_PMOS.png used on input line 261.
(pdftex.def)             Requested size: 199.16928pt x 301.9754pt.

<final_cells/INV_NMOS.png, id=64, 531.9875pt x 605.26125pt>
File: final_cells/INV_NMOS.png Graphic file (type png)

<use final_cells/INV_NMOS.png>
Package pdftex.def Info: final_cells/INV_NMOS.png used on input line 264.
(pdftex.def)             Requested size: 199.16928pt x 226.59373pt.

<final_cells/BUF_PMOS.png, id=65, 482.80376pt x 405.515pt>
File: final_cells/BUF_PMOS.png Graphic file (type png)

<use final_cells/BUF_PMOS.png>
Package pdftex.def Info: final_cells/BUF_PMOS.png used on input line 275.
(pdftex.def)             Requested size: 199.16928pt x 167.28317pt.

<final_cells/BUF_NMOS.png, id=66, 532.99126pt x 334.24875pt>
File: final_cells/BUF_NMOS.png Graphic file (type png)

<use final_cells/BUF_NMOS.png>
Package pdftex.def Info: final_cells/BUF_NMOS.png used on input line 278.
(pdftex.def)             Requested size: 199.16928pt x 124.89925pt.

<final_cells/NOR2_PMOS.png, id=67, 340.27126pt x 481.8pt>
File: final_cells/NOR2_PMOS.png Graphic file (type png)

<use final_cells/NOR2_PMOS.png>
Package pdftex.def Info: final_cells/NOR2_PMOS.png used on input line 289.
(pdftex.def)             Requested size: 199.16928pt x 282.00992pt.

<final_cells/NOR2_NMOS.png, id=68, 380.42125pt x 374.39874pt>
File: final_cells/NOR2_NMOS.png Graphic file (type png)

<use final_cells/NOR2_NMOS.png>
Package pdftex.def Info: final_cells/NOR2_NMOS.png used on input line 292.
(pdftex.def)             Requested size: 199.16928pt x 196.01956pt.

<final_cells/NOR3_PMOS.png, id=69, 459.7175pt x 568.1225pt>
File: final_cells/NOR3_PMOS.png Graphic file (type png)

<use final_cells/NOR3_PMOS.png>
Package pdftex.def Info: final_cells/NOR3_PMOS.png used on input line 303.
(pdftex.def)             Requested size: 199.16928pt x 246.13437pt.

<final_cells/NOR3_NMOS.png, id=70, 431.6125pt x 305.14pt>
File: final_cells/NOR3_NMOS.png Graphic file (type png)

<use final_cells/NOR3_NMOS.png>
Package pdftex.def Info: final_cells/NOR3_NMOS.png used on input line 306.
(pdftex.def)             Requested size: 199.16928pt x 140.80841pt.

<final_cells/NOR4_PMOS.png, id=71, 473.77pt x 613.29124pt>
File: final_cells/NOR4_PMOS.png Graphic file (type png)

<use final_cells/NOR4_PMOS.png>
Package pdftex.def Info: final_cells/NOR4_PMOS.png used on input line 317.
(pdftex.def)             Requested size: 199.16928pt x 257.82387pt.

<final_cells/NOR4_NMOS.png, id=72, 875.27pt x 614.295pt>
File: final_cells/NOR4_NMOS.png Graphic file (type png)

<use final_cells/NOR4_NMOS.png>
Package pdftex.def Info: final_cells/NOR4_NMOS.png used on input line 320.
(pdftex.def)             Requested size: 199.16928pt x 139.77576pt.

<final_cells/OAI21_PMOS.png, id=73, 458.71375pt x 455.7025pt>
File: final_cells/OAI21_PMOS.png Graphic file (type png)

<use final_cells/OAI21_PMOS.png>
Package pdftex.def Info: final_cells/OAI21_PMOS.png used on input line 331.
(pdftex.def)             Requested size: 199.16928pt x 197.86044pt.

<final_cells/OAI21_NMOS.png, id=74, 445.665pt x 399.4925pt>
File: final_cells/OAI21_NMOS.png Graphic file (type png)

<use final_cells/OAI21_NMOS.png>
Package pdftex.def Info: final_cells/OAI21_NMOS.png used on input line 334.
(pdftex.def)             Requested size: 199.16928pt x 178.53252pt.

<final_cells/OAI22_PMOS.png, id=75, 482.80376pt x 464.73625pt>
File: final_cells/OAI22_PMOS.png Graphic file (type png)

<use final_cells/OAI22_PMOS.png>
Package pdftex.def Info: final_cells/OAI22_PMOS.png used on input line 345.
(pdftex.def)             Requested size: 199.16928pt x 191.71315pt.

<final_cells/OAI22_NMOS.png, id=76, 524.96124pt x 423.5825pt>
File: final_cells/OAI22_NMOS.png Graphic file (type png)

<use final_cells/OAI22_NMOS.png>
Package pdftex.def Info: final_cells/OAI22_NMOS.png used on input line 348.
(pdftex.def)             Requested size: 199.16928pt x 160.70448pt.

<final_cells/OR2_PMOS.png, id=77, 522.95375pt x 489.83pt>
File: final_cells/OR2_PMOS.png Graphic file (type png)

<use final_cells/OR2_PMOS.png>
Package pdftex.def Info: final_cells/OR2_PMOS.png used on input line 359.
(pdftex.def)             Requested size: 199.16928pt x 186.55588pt.

<final_cells/OR2_NMOS.png, id=78, 540.0175pt x 349.305pt>
File: final_cells/OR2_NMOS.png Graphic file (type png)

<use final_cells/OR2_NMOS.png>
Package pdftex.def Info: final_cells/OR2_NMOS.png used on input line 362.
(pdftex.def)             Requested size: 199.16928pt x 128.83041pt.

<final_cells/OR3_PMOS.png, id=79, 555.07375pt x 533.995pt>
File: final_cells/OR3_PMOS.png Graphic file (type png)

<use final_cells/OR3_PMOS.png>
Package pdftex.def Info: final_cells/OR3_PMOS.png used on input line 373.
(pdftex.def)             Requested size: 199.16928pt x 191.6025pt.

<final_cells/OR3_NMOS.png, id=80, 570.13pt x 366.36874pt>
File: final_cells/OR3_NMOS.png Graphic file (type png)

<use final_cells/OR3_NMOS.png>
Package pdftex.def Info: final_cells/OR3_NMOS.png used on input line 376.
(pdftex.def)             Requested size: 199.16928pt x 127.985pt.

<final_cells/OR4_PMOS.png, id=81, 612.2875pt x 635.37375pt>
File: final_cells/OR4_PMOS.png Graphic file (type png)

<use final_cells/OR4_PMOS.png>
Package pdftex.def Info: final_cells/OR4_PMOS.png used on input line 386.
(pdftex.def)             Requested size: 199.16928pt x 206.67822pt.

<final_cells/OR4_NMOS.png, id=82, 607.26875pt x 348.30125pt>
File: final_cells/OR4_NMOS.png Graphic file (type png)

<use final_cells/OR4_NMOS.png>
Package pdftex.def Info: final_cells/OR4_NMOS.png used on input line 389.
(pdftex.def)             Requested size: 199.16928pt x 114.23291pt.
 [8

 <./final_cells/AND2_PMOS.png> <./final_cells/AND2_NMOS.png> <./final_cells/AND
3_PMOS.png> <./final_cells/AND3_NMOS.png>]
(./VLSI_paper.bbl) [9 <./final_cells/AND4_PMOS.png> <./final_cells/AND4_NMOS.pn
g> <./final_cells/AOI21_PMOS.png> <./final_cells/AOI21_NMOS.png>] [10 <./final_
cells/AOI22_PMOS.png> <./final_cells/AOI22_NMOS.png> <./final_cells/NAND2_PMOS.
png> <./final_cells/NAND2_NMOS.png>] [11 <./final_cells/NAND3_PMOS.png> <./fina
l_cells/NAND3_NMOS.png> <./final_cells/NAND4_PMOS.png> <./final_cells/NAND4_NMO
S.png>] [12 <./final_cells/INV_PMOS.png> <./final_cells/INV_NMOS.png> <./final_
cells/BUF_PMOS.png> <./final_cells/BUF_NMOS.png>] [13 <./final_cells/NOR2_PMOS.
png> <./final_cells/NOR2_NMOS.png> <./final_cells/NOR3_PMOS.png> <./final_cells
/NOR3_NMOS.png>] [14 <./final_cells/NOR4_PMOS.png> <./final_cells/NOR4_NMOS.png
> <./final_cells/OAI21_PMOS.png> <./final_cells/OAI21_NMOS.png>] [15 <./final_c
ells/OAI22_PMOS.png> <./final_cells/OAI22_NMOS.png> <./final_cells/OR2_PMOS.png
> <./final_cells/OR2_NMOS.png>] [16 <./final_cells/OR3_PMOS.png> <./final_cells
/OR3_NMOS.png> <./final_cells/OR4_PMOS.png> <./final_cells/OR4_NMOS.png>]
(./VLSI_paper.aux) ) 
Here is how much of TeX's memory you used:
 3557 strings out of 495028
 56167 string characters out of 6181497
 122520 words of memory out of 5000000
 6691 multiletter control sequences out of 15000+600000
 8588 words of font info for 30 fonts, out of 8000000 for 9000
 14 hyphenation exceptions out of 8191
 42i,8n,44p,1142b,323s stack positions out of 5000i,500n,10000p,200000b,80000s
</usr/share/texlive/texmf-dist/fonts/type1/public/amsfonts/
cm/cmbx10.pfb></usr/share/texlive/texmf-dist/fonts/type1/public/amsfonts/cm/cmb
x12.pfb></usr/share/texlive/texmf-dist/fonts/type1/public/amsfonts/cm/cmmi10.pf
b></usr/share/texlive/texmf-dist/fonts/type1/public/amsfonts/cm/cmr10.pfb></usr
/share/texlive/texmf-dist/fonts/type1/public/amsfonts/cm/cmr12.pfb></usr/share/
texlive/texmf-dist/fonts/type1/public/amsfonts/cm/cmr17.pfb></usr/share/texlive
/texmf-dist/fonts/type1/public/amsfonts/cm/cmti10.pfb></usr/share/texlive/texmf
-dist/fonts/type1/public/amsfonts/cm/cmti12.pfb>
Output written on VLSI_paper.pdf (16 pages, 669720 bytes).
PDF statistics:
 139 PDF objects out of 1000 (max. 8388607)
 62 compressed objects within 1 object stream
 0 named destinations out of 1000 (max. 500000)
 216 words of extra memory for PDF output out of 10000 (max. 10000000)

